<?xml version="1.0" encoding="UTF-8"?>
<testsuite xmlns:xsi="http://www.w3.org/2001/XMLSchema-instance" xsi:noNamespaceSchemaLocation="https://maven.apache.org/surefire/maven-surefire-plugin/xsd/surefire-test-report.xsd" version="3.0.2" name="TestSuite" time="69.831" tests="6" errors="0" skipped="0" failures="0">
  <properties>
[...]
</properties>
  <testcase name="enteringCredentials[adminuser, 12345](1)" classname="qa.tests.Testcase1" time="3.841">
    <system-out><![CDATA[Launching browser: edge
Launching browser: chrome
Launching browser: firefox
firefox launched successfully!
]]></system-out>
    <system-err><![CDATA[SLF4J: Failed to load class "org.slf4j.impl.StaticLoggerBinder".
SLF4J: Defaulting to no-operation (NOP) logger implementation
SLF4J: See http://www.slf4j.org/codes.html#StaticLoggerBinder for further details.
]]></system-err>
  </testcase>
  <testcase name="enteringCredentials[adminuser, 12345](1)" classname="qa.tests.Testcase1" time="4.788">
    <system-out><![CDATA[edge launched successfully!
chrome launched successfully!
]]></system-out>
    <system-err><![CDATA[Nov 04, 2025 1:04:56 PM org.openqa.selenium.devtools.CdpVersionFinder findNearestMatch
WARNING: Unable to find CDP implementation matching 142
Nov 04, 2025 1:04:56 PM org.openqa.selenium.chromium.ChromiumDriver lambda$new$5
WARNING: Unable to find version of CDP to use for 142.0.3595.53. You may need to include a dependency on a specific version of the CDP using something similar to `org.seleniumhq.selenium:selenium-devtools-v86:4.25.0` where the version ("v86") matches the version of the chromium-based browser you're using and the version number of the artifact is the same as Selenium's.
Nov 04, 2025 1:04:58 PM org.openqa.selenium.devtools.CdpVersionFinder findNearestMatch
WARNING: Unable to find CDP implementation matching 142
Nov 04, 2025 1:04:58 PM org.openqa.selenium.chromium.ChromiumDriver lambda$new$5
WARNING: Unable to find version of CDP to use for 142.0.7444.60. You may need to include a dependency on a specific version of the CDP using something similar to `org.seleniumhq.selenium:selenium-devtools-v86:4.25.0` where the version ("v86") matches the version of the chromium-based browser you're using and the version number of the artifact is the same as Selenium's.
]]></system-err>
  </testcase>
  <testcase name="enteringCredentials[adminuser, 12345](1)" classname="qa.tests.Testcase1" time="5.28"/>
  <testcase name="enteringCredentials[abcdefgh, 98765](2)" classname="qa.tests.Testcase1" time="3.85">
    <system-out><![CDATA[Launching browser: firefox
firefox launched successfully!
]]></system-out>
  </testcase>
  <testcase name="enteringCredentials[abcdefgh, 98765](2)" classname="qa.tests.Testcase1" time="1.526">
    <system-out><![CDATA[Launching browser: edge
Launching browser: chrome
edge launched successfully!
chrome launched successfully!
]]></system-out>
    <system-err><![CDATA[Nov 04, 2025 1:05:09 PM org.openqa.selenium.devtools.CdpVersionFinder findNearestMatch
WARNING: Unable to find CDP implementation matching 142
Nov 04, 2025 1:05:09 PM org.openqa.selenium.chromium.ChromiumDriver lambda$new$5
WARNING: Unable to find version of CDP to use for 142.0.3595.53. You may need to include a dependency on a specific version of the CDP using something similar to `org.seleniumhq.selenium:selenium-devtools-v86:4.25.0` where the version ("v86") matches the version of the chromium-based browser you're using and the version number of the artifact is the same as Selenium's.
Nov 04, 2025 1:05:12 PM org.openqa.selenium.devtools.CdpVersionFinder findNearestMatch
WARNING: Unable to find CDP implementation matching 142
Nov 04, 2025 1:05:12 PM org.openqa.selenium.chromium.ChromiumDriver lambda$new$5
WARNING: Unable to find version of CDP to use for 142.0.7444.60. You may need to include a dependency on a specific version of the CDP using something similar to `org.seleniumhq.selenium:selenium-devtools-v86:4.25.0` where the version ("v86") matches the version of the chromium-based browser you're using and the version number of the artifact is the same as Selenium's.
]]></system-err>
  </testcase>
  <testcase name="enteringCredentials[abcdefgh, 98765](2)" classname="qa.tests.Testcase1" time="3.78"/>
</testsuite>