<?xml version="1.0" encoding="UTF-8"?>
<testng-results ignored="0" total="6" passed="6" failed="0" skipped="0">
  <reporter-output>
  </reporter-output>
  <suite started-at="2025-11-04T13:04:12 IST" name="SeleniumSuite" finished-at="2025-11-04T13:05:20 IST" duration-ms="68218">
    <groups>
    </groups>
    <test started-at="2025-11-04T13:04:12 IST" name="FireFox Test" finished-at="2025-11-04T13:04:51 IST" duration-ms="38324">
      <class name="qa.tests.Testcase1">
        <test-method is-config="true" signature="setupExtent()[pri:0, instance:qa.tests.Testcase1@55182842]" started-at="2025-11-04T13:04:12 IST" name="setupExtent" finished-at="2025-11-04T13:04:12 IST" duration-ms="429" status="PASS">
          <reporter-output>
          </reporter-output>
        </test-method> <!-- setupExtent -->
        <test-method is-config="true" signature="setup(java.lang.String,java.lang.reflect.Method)[pri:0, instance:qa.tests.Testcase1@55182842]" started-at="2025-11-04T13:04:12 IST" name="setup" finished-at="2025-11-04T13:04:31 IST" duration-ms="18508" status="PASS">
          <params>
            <param index="0">
              <value>
                <![CDATA[firefox]]>
              </value>
            </param>
            <param index="1">
              <value>
                <![CDATA[public void qa.tests.Testcase1.enteringCredentials(java.lang.String,java.lang.String)]]>
              </value>
            </param>
          </params>
          <reporter-output>
          </reporter-output>
        </test-method> <!-- setup -->
        <test-method signature="enteringCredentials(java.lang.String,java.lang.String)[pri:0, instance:qa.tests.Testcase1@55182842]" started-at="2025-11-04T13:04:31 IST" name="enteringCredentials" data-provider="getData" finished-at="2025-11-04T13:04:35 IST" duration-ms="3841" status="PASS">
          <params>
            <param index="0">
              <value>
                <![CDATA[adminuser]]>
              </value>
            </param>
            <param index="1">
              <value>
                <![CDATA[12345]]>
              </value>
            </param>
          </params>
          <reporter-output>
          </reporter-output>
        </test-method> <!-- enteringCredentials -->
        <test-method is-config="true" signature="afterMethod(org.testng.ITestResult)[pri:0, instance:qa.tests.Testcase1@55182842]" started-at="2025-11-04T13:04:35 IST" name="afterMethod" finished-at="2025-11-04T13:04:36 IST" duration-ms="1436" status="PASS">
          <params>
            <param index="0">
              <value>
                <![CDATA[[TestResult name=enteringCredentials status=SUCCESS method=Testcase1.enteringCredentials(java.lang.String,java.lang.String)[pri:0, instance:qa.tests.Testcase1@55182842] output={null}]]]>
              </value>
            </param>
          </params>
          <reporter-output>
          </reporter-output>
        </test-method> <!-- afterMethod -->
        <test-method is-config="true" signature="setup(java.lang.String,java.lang.reflect.Method)[pri:0, instance:qa.tests.Testcase1@55182842]" started-at="2025-11-04T13:04:36 IST" name="setup" finished-at="2025-11-04T13:04:45 IST" duration-ms="9141" status="PASS">
          <params>
            <param index="0">
              <value>
                <![CDATA[firefox]]>
              </value>
            </param>
            <param index="1">
              <value>
                <![CDATA[public void qa.tests.Testcase1.enteringCredentials(java.lang.String,java.lang.String)]]>
              </value>
            </param>
          </params>
          <reporter-output>
          </reporter-output>
        </test-method> <!-- setup -->
        <test-method signature="enteringCredentials(java.lang.String,java.lang.String)[pri:0, instance:qa.tests.Testcase1@55182842]" started-at="2025-11-04T13:04:45 IST" name="enteringCredentials" data-provider="getData" finished-at="2025-11-04T13:04:49 IST" duration-ms="3850" status="PASS">
          <params>
            <param index="0">
              <value>
                <![CDATA[abcdefgh]]>
              </value>
            </param>
            <param index="1">
              <value>
                <![CDATA[98765]]>
              </value>
            </param>
          </params>
          <reporter-output>
          </reporter-output>
        </test-method> <!-- enteringCredentials -->
        <test-method is-config="true" signature="afterMethod(org.testng.ITestResult)[pri:0, instance:qa.tests.Testcase1@55182842]" started-at="2025-11-04T13:04:49 IST" name="afterMethod" finished-at="2025-11-04T13:04:51 IST" duration-ms="1477" status="PASS">
          <params>
            <param index="0">
              <value>
                <![CDATA[[TestResult name=enteringCredentials status=SUCCESS method=Testcase1.enteringCredentials(java.lang.String,java.lang.String)[pri:0, instance:qa.tests.Testcase1@55182842] output={null}]]]>
              </value>
            </param>
          </params>
          <reporter-output>
          </reporter-output>
        </test-method> <!-- afterMethod -->
        <test-method is-config="true" signature="tearDown()[pri:0, instance:qa.tests.Testcase1@55182842]" started-at="2025-11-04T13:05:20 IST" name="tearDown" finished-at="2025-11-04T13:05:21 IST" duration-ms="428" status="PASS">
          <reporter-output>
          </reporter-output>
        </test-method> <!-- tearDown -->
      </class> <!-- qa.tests.Testcase1 -->
    </test> <!-- FireFox Test -->
    <test started-at="2025-11-04T13:04:12 IST" name="Edge Test" finished-at="2025-11-04T13:05:18 IST" duration-ms="65918">
      <class name="qa.tests.Testcase1">
        <test-method is-config="true" signature="setup(java.lang.String,java.lang.reflect.Method)[pri:0, instance:qa.tests.Testcase1@47eaca72]" started-at="2025-11-04T13:04:12 IST" name="setup" finished-at="2025-11-04T13:05:02 IST" duration-ms="49697" status="PASS">
          <params>
            <param index="0">
              <value>
                <![CDATA[edge]]>
              </value>
            </param>
            <param index="1">
              <value>
                <![CDATA[public void qa.tests.Testcase1.enteringCredentials(java.lang.String,java.lang.String)]]>
              </value>
            </param>
          </params>
          <reporter-output>
          </reporter-output>
        </test-method> <!-- setup -->
        <test-method signature="enteringCredentials(java.lang.String,java.lang.String)[pri:0, instance:qa.tests.Testcase1@47eaca72]" started-at="2025-11-04T13:05:02 IST" name="enteringCredentials" data-provider="getData" finished-at="2025-11-04T13:05:07 IST" duration-ms="4789" status="PASS">
          <params>
            <param index="0">
              <value>
                <![CDATA[adminuser]]>
              </value>
            </param>
            <param index="1">
              <value>
                <![CDATA[12345]]>
              </value>
            </param>
          </params>
          <reporter-output>
          </reporter-output>
        </test-method> <!-- enteringCredentials -->
        <test-method is-config="true" signature="afterMethod(org.testng.ITestResult)[pri:0, instance:qa.tests.Testcase1@47eaca72]" started-at="2025-11-04T13:05:07 IST" name="afterMethod" finished-at="2025-11-04T13:05:07 IST" duration-ms="500" status="PASS">
          <params>
            <param index="0">
              <value>
                <![CDATA[[TestResult name=enteringCredentials status=SUCCESS method=Testcase1.enteringCredentials(java.lang.String,java.lang.String)[pri:0, instance:qa.tests.Testcase1@47eaca72] output={null}]]]>
              </value>
            </param>
          </params>
          <reporter-output>
          </reporter-output>
        </test-method> <!-- afterMethod -->
        <test-method is-config="true" signature="setup(java.lang.String,java.lang.reflect.Method)[pri:0, instance:qa.tests.Testcase1@47eaca72]" started-at="2025-11-04T13:05:07 IST" name="setup" finished-at="2025-11-04T13:05:13 IST" duration-ms="6139" status="PASS">
          <params>
            <param index="0">
              <value>
                <![CDATA[edge]]>
              </value>
            </param>
            <param index="1">
              <value>
                <![CDATA[public void qa.tests.Testcase1.enteringCredentials(java.lang.String,java.lang.String)]]>
              </value>
            </param>
          </params>
          <reporter-output>
          </reporter-output>
        </test-method> <!-- setup -->
        <test-method signature="enteringCredentials(java.lang.String,java.lang.String)[pri:0, instance:qa.tests.Testcase1@47eaca72]" started-at="2025-11-04T13:05:13 IST" name="enteringCredentials" data-provider="getData" finished-at="2025-11-04T13:05:18 IST" duration-ms="4350" status="PASS">
          <params>
            <param index="0">
              <value>
                <![CDATA[abcdefgh]]>
              </value>
            </param>
            <param index="1">
              <value>
                <![CDATA[98765]]>
              </value>
            </param>
          </params>
          <reporter-output>
          </reporter-output>
        </test-method> <!-- enteringCredentials -->
        <test-method is-config="true" signature="afterMethod(org.testng.ITestResult)[pri:0, instance:qa.tests.Testcase1@47eaca72]" started-at="2025-11-04T13:05:18 IST" name="afterMethod" finished-at="2025-11-04T13:05:18 IST" duration-ms="380" status="PASS">
          <params>
            <param index="0">
              <value>
                <![CDATA[[TestResult name=enteringCredentials status=SUCCESS method=Testcase1.enteringCredentials(java.lang.String,java.lang.String)[pri:0, instance:qa.tests.Testcase1@47eaca72] output={null}]]]>
              </value>
            </param>
          </params>
          <reporter-output>
          </reporter-output>
        </test-method> <!-- afterMethod -->
      </class> <!-- qa.tests.Testcase1 -->
    </test> <!-- Edge Test -->
    <test started-at="2025-11-04T13:04:12 IST" name="Chrome Test" finished-at="2025-11-04T13:05:20 IST" duration-ms="68218">
      <class name="qa.tests.Testcase1">
        <test-method is-config="true" signature="setup(java.lang.String,java.lang.reflect.Method)[pri:0, instance:qa.tests.Testcase1@4ec4f3a0]" started-at="2025-11-04T13:04:12 IST" name="setup" finished-at="2025-11-04T13:04:59 IST" duration-ms="46435" status="PASS">
          <params>
            <param index="0">
              <value>
                <![CDATA[chrome]]>
              </value>
            </param>
            <param index="1">
              <value>
                <![CDATA[public void qa.tests.Testcase1.enteringCredentials(java.lang.String,java.lang.String)]]>
              </value>
            </param>
          </params>
          <reporter-output>
          </reporter-output>
        </test-method> <!-- setup -->
        <test-method signature="enteringCredentials(java.lang.String,java.lang.String)[pri:0, instance:qa.tests.Testcase1@4ec4f3a0]" started-at="2025-11-04T13:04:59 IST" name="enteringCredentials" data-provider="getData" finished-at="2025-11-04T13:05:07 IST" duration-ms="8542" status="PASS">
          <params>
            <param index="0">
              <value>
                <![CDATA[adminuser]]>
              </value>
            </param>
            <param index="1">
              <value>
                <![CDATA[12345]]>
              </value>
            </param>
          </params>
          <reporter-output>
          </reporter-output>
        </test-method> <!-- enteringCredentials -->
        <test-method is-config="true" signature="afterMethod(org.testng.ITestResult)[pri:0, instance:qa.tests.Testcase1@4ec4f3a0]" started-at="2025-11-04T13:05:07 IST" name="afterMethod" finished-at="2025-11-04T13:05:08 IST" duration-ms="555" status="PASS">
          <params>
            <param index="0">
              <value>
                <![CDATA[[TestResult name=enteringCredentials status=SUCCESS method=Testcase1.enteringCredentials(java.lang.String,java.lang.String)[pri:0, instance:qa.tests.Testcase1@4ec4f3a0] output={null}]]]>
              </value>
            </param>
          </params>
          <reporter-output>
          </reporter-output>
        </test-method> <!-- afterMethod -->
        <test-method is-config="true" signature="setup(java.lang.String,java.lang.reflect.Method)[pri:0, instance:qa.tests.Testcase1@4ec4f3a0]" started-at="2025-11-04T13:05:08 IST" name="setup" finished-at="2025-11-04T13:05:16 IST" duration-ms="8414" status="PASS">
          <params>
            <param index="0">
              <value>
                <![CDATA[chrome]]>
              </value>
            </param>
            <param index="1">
              <value>
                <![CDATA[public void qa.tests.Testcase1.enteringCredentials(java.lang.String,java.lang.String)]]>
              </value>
            </param>
          </params>
          <reporter-output>
          </reporter-output>
        </test-method> <!-- setup -->
        <test-method signature="enteringCredentials(java.lang.String,java.lang.String)[pri:0, instance:qa.tests.Testcase1@4ec4f3a0]" started-at="2025-11-04T13:05:16 IST" name="enteringCredentials" data-provider="getData" finished-at="2025-11-04T13:05:20 IST" duration-ms="3780" status="PASS">
          <params>
            <param index="0">
              <value>
                <![CDATA[abcdefgh]]>
              </value>
            </param>
            <param index="1">
              <value>
                <![CDATA[98765]]>
              </value>
            </param>
          </params>
          <reporter-output>
          </reporter-output>
        </test-method> <!-- enteringCredentials -->
        <test-method is-config="true" signature="afterMethod(org.testng.ITestResult)[pri:0, instance:qa.tests.Testcase1@4ec4f3a0]" started-at="2025-11-04T13:05:20 IST" name="afterMethod" finished-at="2025-11-04T13:05:20 IST" duration-ms="426" status="PASS">
          <params>
            <param index="0">
              <value>
                <![CDATA[[TestResult name=enteringCredentials status=SUCCESS method=Testcase1.enteringCredentials(java.lang.String,java.lang.String)[pri:0, instance:qa.tests.Testcase1@4ec4f3a0] output={null}]]]>
              </value>
            </param>
          </params>
          <reporter-output>
          </reporter-output>
        </test-method> <!-- afterMethod -->
      </class> <!-- qa.tests.Testcase1 -->
    </test> <!-- Chrome Test -->
  </suite> <!-- SeleniumSuite -->
</testng-results>
