<?xml version="1.0" encoding="UTF-8"?>
<testng-results ignored="0" total="2" passed="2" failed="0" skipped="0">
  <reporter-output>
  </reporter-output>
  <suite started-at="2025-11-05T12:12:47 IST" name="SeleniumSuite" finished-at="2025-11-05T12:13:07 IST" duration-ms="20482">
    <groups>
    </groups>
    <test started-at="2025-11-05T12:12:47 IST" name="Chrome Test" finished-at="2025-11-05T12:13:07 IST" duration-ms="20482">
      <class name="qa.tests.Testcase1">
        <test-method is-config="true" signature="setupExtent()[pri:0, instance:qa.tests.Testcase1@223191a6]" started-at="2025-11-05T12:12:46 IST" name="setupExtent" finished-at="2025-11-05T12:12:47 IST" duration-ms="303" status="PASS">
          <reporter-output>
          </reporter-output>
        </test-method> <!-- setupExtent -->
        <test-method is-config="true" signature="setup(java.lang.String,java.lang.reflect.Method)[pri:0, instance:qa.tests.Testcase1@223191a6]" started-at="2025-11-05T12:12:47 IST" name="setup" finished-at="2025-11-05T12:12:53 IST" duration-ms="6300" status="PASS">
          <params>
            <param index="0">
              <value>
                <![CDATA[chrome]]>
              </value>
            </param>
            <param index="1">
              <value>
                <![CDATA[public void qa.tests.Testcase1.enteringCredentials(java.lang.String,java.lang.String)]]>
              </value>
            </param>
          </params>
          <reporter-output>
          </reporter-output>
        </test-method> <!-- setup -->
        <test-method signature="enteringCredentials(java.lang.String,java.lang.String)[pri:0, instance:qa.tests.Testcase1@223191a6]" started-at="2025-11-05T12:12:53 IST" name="enteringCredentials" data-provider="getData" finished-at="2025-11-05T12:12:57 IST" duration-ms="3956" status="PASS">
          <params>
            <param index="0">
              <value>
                <![CDATA[adminuser]]>
              </value>
            </param>
            <param index="1">
              <value>
                <![CDATA[12345]]>
              </value>
            </param>
          </params>
          <reporter-output>
          </reporter-output>
        </test-method> <!-- enteringCredentials -->
        <test-method is-config="true" signature="afterMethod(org.testng.ITestResult)[pri:0, instance:qa.tests.Testcase1@223191a6]" started-at="2025-11-05T12:12:57 IST" name="afterMethod" finished-at="2025-11-05T12:12:58 IST" duration-ms="474" status="PASS">
          <params>
            <param index="0">
              <value>
                <![CDATA[[TestResult name=enteringCredentials status=SUCCESS method=Testcase1.enteringCredentials(java.lang.String,java.lang.String)[pri:0, instance:qa.tests.Testcase1@223191a6] output={null}]]]>
              </value>
            </param>
          </params>
          <reporter-output>
          </reporter-output>
        </test-method> <!-- afterMethod -->
        <test-method is-config="true" signature="setup(java.lang.String,java.lang.reflect.Method)[pri:0, instance:qa.tests.Testcase1@223191a6]" started-at="2025-11-05T12:12:58 IST" name="setup" finished-at="2025-11-05T12:13:03 IST" duration-ms="5037" status="PASS">
          <params>
            <param index="0">
              <value>
                <![CDATA[chrome]]>
              </value>
            </param>
            <param index="1">
              <value>
                <![CDATA[public void qa.tests.Testcase1.enteringCredentials(java.lang.String,java.lang.String)]]>
              </value>
            </param>
          </params>
          <reporter-output>
          </reporter-output>
        </test-method> <!-- setup -->
        <test-method signature="enteringCredentials(java.lang.String,java.lang.String)[pri:0, instance:qa.tests.Testcase1@223191a6]" started-at="2025-11-05T12:13:03 IST" name="enteringCredentials" data-provider="getData" finished-at="2025-11-05T12:13:07 IST" duration-ms="4170" status="PASS">
          <params>
            <param index="0">
              <value>
                <![CDATA[abcdefgh]]>
              </value>
            </param>
            <param index="1">
              <value>
                <![CDATA[98765]]>
              </value>
            </param>
          </params>
          <reporter-output>
          </reporter-output>
        </test-method> <!-- enteringCredentials -->
        <test-method is-config="true" signature="afterMethod(org.testng.ITestResult)[pri:0, instance:qa.tests.Testcase1@223191a6]" started-at="2025-11-05T12:13:07 IST" name="afterMethod" finished-at="2025-11-05T12:13:07 IST" duration-ms="484" status="PASS">
          <params>
            <param index="0">
              <value>
                <![CDATA[[TestResult name=enteringCredentials status=SUCCESS method=Testcase1.enteringCredentials(java.lang.String,java.lang.String)[pri:0, instance:qa.tests.Testcase1@223191a6] output={null}]]]>
              </value>
            </param>
          </params>
          <reporter-output>
          </reporter-output>
        </test-method> <!-- afterMethod -->
        <test-method is-config="true" signature="tearDown()[pri:0, instance:qa.tests.Testcase1@223191a6]" started-at="2025-11-05T12:13:07 IST" name="tearDown" finished-at="2025-11-05T12:13:08 IST" duration-ms="593" status="PASS">
          <reporter-output>
          </reporter-output>
        </test-method> <!-- tearDown -->
      </class> <!-- qa.tests.Testcase1 -->
    </test> <!-- Chrome Test -->
  </suite> <!-- SeleniumSuite -->
</testng-results>
