<?xml version="1.0" encoding="UTF-8"?>
<testng-results ignored="0" total="2" passed="2" failed="0" skipped="0">
  <reporter-output>
  </reporter-output>
  <suite started-at="2025-11-05T12:07:25 IST" name="SeleniumSuite" finished-at="2025-11-05T12:07:45 IST" duration-ms="19932">
    <groups>
    </groups>
    <test started-at="2025-11-05T12:07:25 IST" name="Chrome Test" finished-at="2025-11-05T12:07:45 IST" duration-ms="19932">
      <class name="qa.tests.Testcase1">
        <test-method is-config="true" signature="setupExtent()[pri:0, instance:qa.tests.Testcase1@8297b3a]" started-at="2025-11-05T12:07:24 IST" name="setupExtent" finished-at="2025-11-05T12:07:25 IST" duration-ms="632" status="PASS">
          <reporter-output>
          </reporter-output>
        </test-method> <!-- setupExtent -->
        <test-method is-config="true" signature="setup(java.lang.String,java.lang.reflect.Method)[pri:0, instance:qa.tests.Testcase1@8297b3a]" started-at="2025-11-05T12:07:25 IST" name="setup" finished-at="2025-11-05T12:07:31 IST" duration-ms="6675" status="PASS">
          <params>
            <param index="0">
              <value>
                <![CDATA[chrome]]>
              </value>
            </param>
            <param index="1">
              <value>
                <![CDATA[public void qa.tests.Testcase1.enteringCredentials(java.lang.String,java.lang.String)]]>
              </value>
            </param>
          </params>
          <reporter-output>
          </reporter-output>
        </test-method> <!-- setup -->
        <test-method signature="enteringCredentials(java.lang.String,java.lang.String)[pri:0, instance:qa.tests.Testcase1@8297b3a]" started-at="2025-11-05T12:07:31 IST" name="enteringCredentials" data-provider="getData" finished-at="2025-11-05T12:07:35 IST" duration-ms="3944" status="PASS">
          <params>
            <param index="0">
              <value>
                <![CDATA[adminuser]]>
              </value>
            </param>
            <param index="1">
              <value>
                <![CDATA[12345]]>
              </value>
            </param>
          </params>
          <reporter-output>
          </reporter-output>
        </test-method> <!-- enteringCredentials -->
        <test-method is-config="true" signature="afterMethod(org.testng.ITestResult)[pri:0, instance:qa.tests.Testcase1@8297b3a]" started-at="2025-11-05T12:07:35 IST" name="afterMethod" finished-at="2025-11-05T12:07:36 IST" duration-ms="423" status="PASS">
          <params>
            <param index="0">
              <value>
                <![CDATA[[TestResult name=enteringCredentials status=SUCCESS method=Testcase1.enteringCredentials(java.lang.String,java.lang.String)[pri:0, instance:qa.tests.Testcase1@8297b3a] output={null}]]]>
              </value>
            </param>
          </params>
          <reporter-output>
          </reporter-output>
        </test-method> <!-- afterMethod -->
        <test-method is-config="true" signature="setup(java.lang.String,java.lang.reflect.Method)[pri:0, instance:qa.tests.Testcase1@8297b3a]" started-at="2025-11-05T12:07:36 IST" name="setup" finished-at="2025-11-05T12:07:40 IST" duration-ms="4469" status="PASS">
          <params>
            <param index="0">
              <value>
                <![CDATA[chrome]]>
              </value>
            </param>
            <param index="1">
              <value>
                <![CDATA[public void qa.tests.Testcase1.enteringCredentials(java.lang.String,java.lang.String)]]>
              </value>
            </param>
          </params>
          <reporter-output>
          </reporter-output>
        </test-method> <!-- setup -->
        <test-method signature="enteringCredentials(java.lang.String,java.lang.String)[pri:0, instance:qa.tests.Testcase1@8297b3a]" started-at="2025-11-05T12:07:40 IST" name="enteringCredentials" data-provider="getData" finished-at="2025-11-05T12:07:44 IST" duration-ms="3828" status="PASS">
          <params>
            <param index="0">
              <value>
                <![CDATA[abcdefgh]]>
              </value>
            </param>
            <param index="1">
              <value>
                <![CDATA[98765]]>
              </value>
            </param>
          </params>
          <reporter-output>
          </reporter-output>
        </test-method> <!-- enteringCredentials -->
        <test-method is-config="true" signature="afterMethod(org.testng.ITestResult)[pri:0, instance:qa.tests.Testcase1@8297b3a]" started-at="2025-11-05T12:07:44 IST" name="afterMethod" finished-at="2025-11-05T12:07:45 IST" duration-ms="521" status="PASS">
          <params>
            <param index="0">
              <value>
                <![CDATA[[TestResult name=enteringCredentials status=SUCCESS method=Testcase1.enteringCredentials(java.lang.String,java.lang.String)[pri:0, instance:qa.tests.Testcase1@8297b3a] output={null}]]]>
              </value>
            </param>
          </params>
          <reporter-output>
          </reporter-output>
        </test-method> <!-- afterMethod -->
        <test-method is-config="true" signature="tearDown()[pri:0, instance:qa.tests.Testcase1@8297b3a]" started-at="2025-11-05T12:07:45 IST" name="tearDown" finished-at="2025-11-05T12:07:45 IST" duration-ms="491" status="PASS">
          <reporter-output>
          </reporter-output>
        </test-method> <!-- tearDown -->
      </class> <!-- qa.tests.Testcase1 -->
    </test> <!-- Chrome Test -->
  </suite> <!-- SeleniumSuite -->
</testng-results>
