<?xml version="1.0" encoding="UTF-8"?>
<!-- Generated by org.testng.reporters.JUnitReportReporter -->
<testsuite hostname="LAPTOP-DUAES1UI" failures="0" tests="6" name="qa.tests.Testcase1" time="306.925" errors="0" timestamp="2025-11-04T11:58:25 IST" skipped="0">
  <testcase classname="qa.tests.Testcase1" name="enteringCredentials" time="64.959"/>
  <testcase classname="qa.tests.Testcase1" name="enteringCredentials" time="88.958"/>
  <testcase classname="qa.tests.Testcase1" name="enteringCredentials" time="26.017"/>
  <testcase classname="qa.tests.Testcase1" name="enteringCredentials" time="13.097"/>
  <testcase classname="qa.tests.Testcase1" name="enteringCredentials" time="18.987"/>
  <testcase classname="qa.tests.Testcase1" name="enteringCredentials" time="94.907"/>
</testsuite> <!-- qa.tests.Testcase1 -->
