<?xml version="1.0" encoding="UTF-8"?>
<!-- Generated by org.testng.reporters.JUnitReportReporter -->
<testsuite hostname="LAPTOP-DUAES1UI" failures="0" tests="6" name="qa.tests.Testcase1" time="172.260" errors="0" timestamp="2025-11-04T13:05:21 IST" skipped="0">
  <testcase classname="qa.tests.Testcase1" name="enteringCredentials" time="10.989"/>
  <testcase classname="qa.tests.Testcase1" name="enteringCredentials" time="54.866"/>
  <testcase classname="qa.tests.Testcase1" name="enteringCredentials" time="23.785"/>
  <testcase classname="qa.tests.Testcase1" name="enteringCredentials" time="14.468"/>
  <testcase classname="qa.tests.Testcase1" name="enteringCredentials" time="12.749"/>
  <testcase classname="qa.tests.Testcase1" name="enteringCredentials" time="55.403"/>
</testsuite> <!-- qa.tests.Testcase1 -->
